<?xml version="1.0" encoding="UTF-8"?>
<!-- Generated by org.testng.reporters.JUnitXMLReporter -->
<testsuite ignored="0" hostname="Vivek" failures="0" tests="3" name="Test1" time="40.584" errors="0" timestamp="2023-06-11T09:51:48 IST">
  <testcase classname="com.class19.CrossBrowser.Congnizant" name="cognizant" time="10.963"/>
  <testcase classname="com.class19.CrossBrowser.Tata" name="tata" time="13.475"/>
  <testcase classname="com.class19.CrossBrowser.Accenture" name="accenture" time="16.082"/>
</testsuite> <!-- Test1 -->
