<?xml version="1.0" encoding="UTF-8"?>
<testng-results ignored="0" total="1" passed="1" failed="0" skipped="0">
  <reporter-output>
  </reporter-output>
  <suite started-at="2023-08-29T07:01:00 IST" name="Default suite" finished-at="2023-08-29T07:01:20 IST" duration-ms="20648">
    <groups>
    </groups>
    <test started-at="2023-08-29T07:01:00 IST" name="Default test" finished-at="2023-08-29T07:01:20 IST" duration-ms="20648">
      <class name="com.class22.SVG.SVG1">
        <test-method signature="svg()[pri:0, instance:com.class22.SVG.SVG1@4a94ee4]" started-at="2023-08-29T07:01:00 IST" name="svg" finished-at="2023-08-29T07:01:20 IST" duration-ms="20601" status="PASS">
          <reporter-output>
          </reporter-output>
        </test-method> <!-- svg -->
      </class> <!-- com.class22.SVG.SVG1 -->
    </test> <!-- Default test -->
  </suite> <!-- Default suite -->
</testng-results>
